This is pdfTeX, Version 3.141592653-2.6-1.40.22 (MiKTeX 21.6) (preloaded format=pdflatex 2021.9.24)  26 SEP 2021 13:42
entering extended mode
**c:/Users/zhaoy/Documents/GitHub/dissertation/main.tex
(c:/Users/zhaoy/Documents/GitHub/dissertation/main.tex
LaTeX2e <2021-06-01>
L3 programming layer <2021-06-01> (C:\Users\zhaoy\AppData\Local\Programs\MiKTeX\tex/latex/base\article.cls
Document Class: article 2021/02/12 v1.4n Standard LaTeX document class
(C:\Users\zhaoy\AppData\Local\Programs\MiKTeX\tex/latex/base\size12.clo
File: size12.clo 2021/02/12 v1.4n Standard LaTeX file (size option)
)
\c@part=\count182
\c@section=\count183
\c@subsection=\count184
\c@subsubsection=\count185
\c@paragraph=\count186
\c@subparagraph=\count187
\c@figure=\count188
\c@table=\count189
\abovecaptionskip=\skip47
\belowcaptionskip=\skip48
\bibindent=\dimen138
) (C:\Users\zhaoy\AppData\Local\Programs\MiKTeX\tex/latex/base\inputenc.sty
Package: inputenc 2021/02/14 v1.3d Input encoding file
\inpenc@prehook=\toks16
\inpenc@posthook=\toks17
) (C:\Users\zhaoy\AppData\Local\Programs\MiKTeX\tex/latex/geometry\geometry.sty
Package: geometry 2020/01/02 v5.9 Page Geometry
 (C:\Users\zhaoy\AppData\Local\Programs\MiKTeX\tex/latex/graphics\keyval.sty
Package: keyval 2014/10/28 v1.15 key=value parser (DPC)
\KV@toks@=\toks18
) (C:\Users\zhaoy\AppData\Local\Programs\MiKTeX\tex/generic/iftex\ifvtex.sty
Package: ifvtex 2019/10/25 v1.7 ifvtex legacy package. Use iftex instead.
 (C:\Users\zhaoy\AppData\Local\Programs\MiKTeX\tex/generic/iftex\iftex.sty
Package: iftex 2020/03/06 v1.0d TeX engine tests
))
\Gm@cnth=\count190
\Gm@cntv=\count191
\c@Gm@tempcnt=\count192
\Gm@bindingoffset=\dimen139
\Gm@wd@mp=\dimen140
\Gm@odd@mp=\dimen141
\Gm@even@mp=\dimen142
\Gm@layoutwidth=\dimen143
\Gm@layoutheight=\dimen144
\Gm@layouthoffset=\dimen145
\Gm@layoutvoffset=\dimen146
\Gm@dimlist=\toks19
 (C:\Users\zhaoy\AppData\Local\Programs\MiKTeX\tex/latex/geometry\geometry.cfg)) (C:\Users\zhaoy\AppData\Local\Programs\MiKTeX\tex/latex/biblatex\biblatex.sty
Package: biblatex 2020/12/31 v3.16 programmable bibliographies (PK/MW)
 (C:\Users\zhaoy\AppData\Local\Programs\MiKTeX\tex/generic/pdftexcmds\pdftexcmds.sty
Package: pdftexcmds 2020-06-27 v0.33 Utility functions of pdfTeX for LuaTeX (HO)
 (C:\Users\zhaoy\AppData\Local\Programs\MiKTeX\tex/generic/infwarerr\infwarerr.sty
Package: infwarerr 2019/12/03 v1.5 Providing info/warning/error messages (HO)
) (C:\Users\zhaoy\AppData\Local\Programs\MiKTeX\tex/generic/ltxcmds\ltxcmds.sty
Package: ltxcmds 2020-05-10 v1.25 LaTeX kernel commands for general use (HO)
)
Package pdftexcmds Info: \pdf@primitive is available.
Package pdftexcmds Info: \pdf@ifprimitive is available.
Package pdftexcmds Info: \pdfdraftmode found.
) (C:\Users\zhaoy\AppData\Local\Programs\MiKTeX\tex/latex/etoolbox\etoolbox.sty
Package: etoolbox 2020/10/05 v2.5k e-TeX tools for LaTeX (JAW)
\etb@tempcnta=\count193
) (C:\Users\zhaoy\AppData\Local\Programs\MiKTeX\tex/latex/kvoptions\kvoptions.sty
Package: kvoptions 2020-10-07 v3.14 Key value format for package options (HO)
 (C:\Users\zhaoy\AppData\Local\Programs\MiKTeX\tex/generic/kvsetkeys\kvsetkeys.sty
Package: kvsetkeys 2019/12/15 v1.18 Key value parser (HO)
)) (C:\Users\zhaoy\AppData\Local\Programs\MiKTeX\tex/latex/logreq\logreq.sty
Package: logreq 2010/08/04 v1.0 xml request logger
\lrq@indent=\count194
 (C:\Users\zhaoy\AppData\Local\Programs\MiKTeX\tex/latex/logreq\logreq.def
File: logreq.def 2010/08/04 v1.0 logreq spec v1.0
)) (C:\Users\zhaoy\AppData\Local\Programs\MiKTeX\tex/latex/base\ifthen.sty
Package: ifthen 2020/11/24 v1.1c Standard LaTeX ifthen package (DPC)
) (C:\Users\zhaoy\AppData\Local\Programs\MiKTeX\tex/latex/url\url.sty
\Urlmuskip=\muskip16
Package: url 2013/09/16  ver 3.4  Verb mode for urls, etc.
)
\c@tabx@nest=\count195
\c@listtotal=\count196
\c@listcount=\count197
\c@liststart=\count198
\c@liststop=\count199
\c@citecount=\count266
\c@citetotal=\count267
\c@multicitecount=\count268
\c@multicitetotal=\count269
\c@instcount=\count270
\c@maxnames=\count271
\c@minnames=\count272
\c@maxitems=\count273
\c@minitems=\count274
\c@citecounter=\count275
\c@maxcitecounter=\count276
\c@savedcitecounter=\count277
\c@uniquelist=\count278
\c@uniquename=\count279
\c@refsection=\count280
\c@refsegment=\count281
\c@maxextratitle=\count282
\c@maxextratitleyear=\count283
\c@maxextraname=\count284
\c@maxextradate=\count285
\c@maxextraalpha=\count286
\c@abbrvpenalty=\count287
\c@highnamepenalty=\count288
\c@lownamepenalty=\count289
\c@maxparens=\count290
\c@parenlevel=\count291
\blx@tempcnta=\count292
\blx@tempcntb=\count293
\blx@tempcntc=\count294
\blx@maxsection=\count295
\blx@maxsegment@0=\count296
\blx@notetype=\count297
\blx@parenlevel@text=\count298
\blx@parenlevel@foot=\count299
\blx@sectionciteorder@0=\count300
\blx@entrysetcounter=\count301
\blx@biblioinstance=\count302
\labelnumberwidth=\skip49
\labelalphawidth=\skip50
\biblabelsep=\skip51
\bibitemsep=\skip52
\bibnamesep=\skip53
\bibinitsep=\skip54
\bibparsep=\skip55
\bibhang=\skip56
\blx@bcfin=\read2
\blx@bcfout=\write3
\blx@langwohyphens=\language79
\c@mincomprange=\count303
\c@maxcomprange=\count304
\c@mincompwidth=\count305
Package biblatex Info: Trying to load biblatex default data model...
Package biblatex Info: ... file 'blx-dm.def' found.
 (C:\Users\zhaoy\AppData\Local\Programs\MiKTeX\tex/latex/biblatex\blx-dm.def
File: blx-dm.def 2020/12/31 v3.16 biblatex localization (PK/MW)
)
Package biblatex Info: Trying to load biblatex custom data model...
Package biblatex Info: ... file 'biblatex-dm.cfg' not found.
\c@afterword=\count306
\c@savedafterword=\count307
\c@annotator=\count308
\c@savedannotator=\count309
\c@author=\count310
\c@savedauthor=\count311
\c@bookauthor=\count312
\c@savedbookauthor=\count313
\c@commentator=\count314
\c@savedcommentator=\count315
\c@editor=\count316
\c@savededitor=\count317
\c@editora=\count318
\c@savededitora=\count319
\c@editorb=\count320
\c@savededitorb=\count321
\c@editorc=\count322
\c@savededitorc=\count323
\c@foreword=\count324
\c@savedforeword=\count325
\c@holder=\count326
\c@savedholder=\count327
\c@introduction=\count328
\c@savedintroduction=\count329
\c@namea=\count330
\c@savednamea=\count331
\c@nameb=\count332
\c@savednameb=\count333
\c@namec=\count334
\c@savednamec=\count335
\c@translator=\count336
\c@savedtranslator=\count337
\c@shortauthor=\count338
\c@savedshortauthor=\count339
\c@shorteditor=\count340
\c@savedshorteditor=\count341
\c@labelname=\count342
\c@savedlabelname=\count343
\c@institution=\count344
\c@savedinstitution=\count345
\c@lista=\count346
\c@savedlista=\count347
\c@listb=\count348
\c@savedlistb=\count349
\c@listc=\count350
\c@savedlistc=\count351
\c@listd=\count352
\c@savedlistd=\count353
\c@liste=\count354
\c@savedliste=\count355
\c@listf=\count356
\c@savedlistf=\count357
\c@location=\count358
\c@savedlocation=\count359
\c@organization=\count360
\c@savedorganization=\count361
\c@origlocation=\count362
\c@savedoriglocation=\count363
\c@origpublisher=\count364
\c@savedorigpublisher=\count365
\c@publisher=\count366
\c@savedpublisher=\count367
\c@language=\count368
\c@savedlanguage=\count369
\c@origlanguage=\count370
\c@savedoriglanguage=\count371
\c@pageref=\count372
\c@savedpageref=\count373
\shorthandwidth=\skip57
\shortjournalwidth=\skip58
\shortserieswidth=\skip59
\shorttitlewidth=\skip60
\shortauthorwidth=\skip61
\shorteditorwidth=\skip62
\locallabelnumberwidth=\skip63
\locallabelalphawidth=\skip64
\localshorthandwidth=\skip65
\localshortjournalwidth=\skip66
\localshortserieswidth=\skip67
\localshorttitlewidth=\skip68
\localshortauthorwidth=\skip69
\localshorteditorwidth=\skip70
Package biblatex Info: Trying to load compatibility code...
Package biblatex Info: ... file 'blx-compat.def' found.
 (C:\Users\zhaoy\AppData\Local\Programs\MiKTeX\tex/latex/biblatex\blx-compat.def
File: blx-compat.def 2020/12/31 v3.16 biblatex compatibility (PK/MW)
)
Package biblatex Info: Trying to load generic definitions...
Package biblatex Info: ... file 'biblatex.def' found.
 (C:\Users\zhaoy\AppData\Local\Programs\MiKTeX\tex/latex/biblatex\biblatex.def
File: biblatex.def 2020/12/31 v3.16 biblatex compatibility (PK/MW)
\c@textcitecount=\count374
\c@textcitetotal=\count375
\c@textcitemaxnames=\count376
\c@biburlbigbreakpenalty=\count377
\c@biburlbreakpenalty=\count378
\c@biburlnumpenalty=\count379
\c@biburlucpenalty=\count380
\c@biburllcpenalty=\count381
\biburlbigskip=\muskip17
\biburlnumskip=\muskip18
\biburlucskip=\muskip19
\biburllcskip=\muskip20
\c@smartand=\count382
)
Package biblatex Info: Trying to load bibliography style 'numeric'...
Package biblatex Info: ... file 'numeric.bbx' found.
 (C:\Users\zhaoy\AppData\Local\Programs\MiKTeX\tex/latex/biblatex/bbx\numeric.bbx
File: numeric.bbx 2020/12/31 v3.16 biblatex bibliography style (PK/MW)
Package biblatex Info: Trying to load bibliography style 'standard'...
Package biblatex Info: ... file 'standard.bbx' found.
 (C:\Users\zhaoy\AppData\Local\Programs\MiKTeX\tex/latex/biblatex/bbx\standard.bbx
File: standard.bbx 2020/12/31 v3.16 biblatex bibliography style (PK/MW)
\c@bbx:relatedcount=\count383
\c@bbx:relatedtotal=\count384
))
Package biblatex Info: Trying to load citation style 'numeric'...
Package biblatex Info: ... file 'numeric.cbx' found.
 (C:\Users\zhaoy\AppData\Local\Programs\MiKTeX\tex/latex/biblatex/cbx\numeric.cbx
File: numeric.cbx 2020/12/31 v3.16 biblatex citation style (PK/MW)
Package biblatex Info: Redefining '\cite'.
Package biblatex Info: Redefining '\parencite'.
Package biblatex Info: Redefining '\footcite'.
Package biblatex Info: Redefining '\footcitetext'.
Package biblatex Info: Redefining '\smartcite'.
Package biblatex Info: Redefining '\supercite'.
Package biblatex Info: Redefining '\textcite'.
Package biblatex Info: Redefining '\textcites'.
Package biblatex Info: Redefining '\cites'.
Package biblatex Info: Redefining '\parencites'.
Package biblatex Info: Redefining '\smartcites'.
)
Package biblatex Info: Trying to load configuration file...
Package biblatex Info: ... file 'biblatex.cfg' found.
 (C:\Users\zhaoy\AppData\Local\Programs\MiKTeX\tex/latex/biblatex\biblatex.cfg
File: biblatex.cfg 
)) (C:\Users\zhaoy\AppData\Local\Programs\MiKTeX\tex/latex/graphics\graphicx.sty
Package: graphicx 2020/12/05 v1.2c Enhanced LaTeX Graphics (DPC,SPQR)
 (C:\Users\zhaoy\AppData\Local\Programs\MiKTeX\tex/latex/graphics\graphics.sty
Package: graphics 2021/03/04 v1.4d Standard LaTeX Graphics (DPC,SPQR)
 (C:\Users\zhaoy\AppData\Local\Programs\MiKTeX\tex/latex/graphics\trig.sty
Package: trig 2016/01/03 v1.10 sin cos tan (DPC)
) (C:\Users\zhaoy\AppData\Local\Programs\MiKTeX\tex/latex/graphics-cfg\graphics.cfg
File: graphics.cfg 2016/06/04 v1.11 sample graphics configuration
)
Package graphics Info: Driver file: pdftex.def on input line 107.
 (C:\Users\zhaoy\AppData\Local\Programs\MiKTeX\tex/latex/graphics-def\pdftex.def
File: pdftex.def 2020/10/05 v1.2a Graphics/color driver for pdftex
))
\Gin@req@height=\dimen147
\Gin@req@width=\dimen148
) (C:\Users\zhaoy\AppData\Local\Programs\MiKTeX\tex/latex/amsmath\amsmath.sty
Package: amsmath 2021/04/20 v2.17j AMS math features
\@mathmargin=\skip71

For additional information on amsmath, use the `?' option.
(C:\Users\zhaoy\AppData\Local\Programs\MiKTeX\tex/latex/amsmath\amstext.sty
Package: amstext 2000/06/29 v2.01 AMS text
 (C:\Users\zhaoy\AppData\Local\Programs\MiKTeX\tex/latex/amsmath\amsgen.sty
File: amsgen.sty 1999/11/30 v2.0 generic functions
\@emptytoks=\toks20
\ex@=\dimen149
)) (C:\Users\zhaoy\AppData\Local\Programs\MiKTeX\tex/latex/amsmath\amsbsy.sty
Package: amsbsy 1999/11/29 v1.2d Bold Symbols
\pmbraise@=\dimen150
) (C:\Users\zhaoy\AppData\Local\Programs\MiKTeX\tex/latex/amsmath\amsopn.sty
Package: amsopn 2016/03/08 v2.02 operator names
)
\inf@bad=\count385
LaTeX Info: Redefining \frac on input line 234.
\uproot@=\count386
\leftroot@=\count387
LaTeX Info: Redefining \overline on input line 399.
\classnum@=\count388
\DOTSCASE@=\count389
LaTeX Info: Redefining \ldots on input line 496.
LaTeX Info: Redefining \dots on input line 499.
LaTeX Info: Redefining \cdots on input line 620.
\Mathstrutbox@=\box50
\strutbox@=\box51
\big@size=\dimen151
LaTeX Font Info:    Redeclaring font encoding OML on input line 743.
LaTeX Font Info:    Redeclaring font encoding OMS on input line 744.
\macc@depth=\count390
\c@MaxMatrixCols=\count391
\dotsspace@=\muskip21
\c@parentequation=\count392
\dspbrk@lvl=\count393
\tag@help=\toks21
\row@=\count394
\column@=\count395
\maxfields@=\count396
\andhelp@=\toks22
\eqnshift@=\dimen152
\alignsep@=\dimen153
\tagshift@=\dimen154
\tagwidth@=\dimen155
\totwidth@=\dimen156
\lineht@=\dimen157
\@envbody=\toks23
\multlinegap=\skip72
\multlinetaggap=\skip73
\mathdisplay@stack=\toks24
LaTeX Info: Redefining \[ on input line 2923.
LaTeX Info: Redefining \] on input line 2924.
) (C:\Users\zhaoy\AppData\Local\Programs\MiKTeX\tex/latex/psnfss\times.sty
Package: times 2020/03/25 PSNFSS-v9.3 (SPQR) 
) (C:\Users\zhaoy\AppData\Local\Programs\MiKTeX\tex/latex/caption\caption.sty
Package: caption 2020/10/26 v3.5g Customizing captions (AR)
 (C:\Users\zhaoy\AppData\Local\Programs\MiKTeX\tex/latex/caption\caption3.sty
Package: caption3 2020/10/21 v2.2e caption3 kernel (AR)
\captionmargin=\dimen158
\captionmargin@=\dimen159
\captionwidth=\dimen160
\caption@tempdima=\dimen161
\caption@indent=\dimen162
\caption@parindent=\dimen163
\caption@hangindent=\dimen164
Package caption Info: Standard document class detected.
)
\c@caption@flags=\count397
\c@continuedfloat=\count398
) (C:\Users\zhaoy\AppData\Local\Programs\MiKTeX\tex/latex/adjustbox\adjustbox.sty
Package: adjustbox 2020/08/19 v1.3 Adjusting TeX boxes (trim, clip, ...)
 (C:\Users\zhaoy\AppData\Local\Programs\MiKTeX\tex/latex/xkeyval\xkeyval.sty
Package: xkeyval 2020/11/20 v2.8 package option processing (HA)
 (C:\Users\zhaoy\AppData\Local\Programs\MiKTeX\tex/generic/xkeyval\xkeyval.tex (C:\Users\zhaoy\AppData\Local\Programs\MiKTeX\tex/generic/xkeyval\xkvutils.tex
\XKV@toks=\toks25
\XKV@tempa@toks=\toks26
)
\XKV@depth=\count399
File: xkeyval.tex 2014/12/03 v2.7a key=value parser (HA)
)) (C:\Users\zhaoy\AppData\Local\Programs\MiKTeX\tex/latex/adjustbox\adjcalc.sty
Package: adjcalc 2012/05/16 v1.1 Provides advanced setlength with multiple back-ends (calc, etex, pgfmath)
) (C:\Users\zhaoy\AppData\Local\Programs\MiKTeX\tex/latex/adjustbox\trimclip.sty
Package: trimclip 2020/08/19 v1.2 Trim and clip general TeX material
 (C:\Users\zhaoy\AppData\Local\Programs\MiKTeX\tex/latex/collectbox\collectbox.sty
Package: collectbox 2012/05/17 v0.4b Collect macro arguments as boxes
\collectedbox=\box52
)
\tc@llx=\dimen165
\tc@lly=\dimen166
\tc@urx=\dimen167
\tc@ury=\dimen168
Package trimclip Info: Using driver 'tc-pdftex.def'.
 (C:\Users\zhaoy\AppData\Local\Programs\MiKTeX\tex/latex/adjustbox\tc-pdftex.def
File: tc-pdftex.def 2019/01/04 v2.2 Clipping driver for pdftex
))
\adjbox@Width=\dimen169
\adjbox@Height=\dimen170
\adjbox@Depth=\dimen171
\adjbox@Totalheight=\dimen172
\adjbox@pwidth=\dimen173
\adjbox@pheight=\dimen174
\adjbox@pdepth=\dimen175
\adjbox@ptotalheight=\dimen176
 (C:\Users\zhaoy\AppData\Local\Programs\MiKTeX\tex/latex/ifoddpage\ifoddpage.sty
Package: ifoddpage 2016/04/23 v1.1 Conditionals for odd/even page detection
\c@checkoddpage=\count400
) (C:\Users\zhaoy\AppData\Local\Programs\MiKTeX\tex/latex/varwidth\varwidth.sty
Package: varwidth 2009/03/30 ver 0.92;  Variable-width minipages
\@vwid@box=\box53
\sift@deathcycles=\count401
\@vwid@loff=\dimen177
\@vwid@roff=\dimen178
)) (C:\Users\zhaoy\AppData\Local\Programs\MiKTeX\tex/latex/tools\afterpage.sty
Package: afterpage 2014/10/28 v1.08 After-Page Package (DPC)
\AP@output=\toks27
\AP@partial=\box54
\AP@footins=\box55
) (C:\Users\zhaoy\AppData\Local\Programs\MiKTeX\tex/latex/listings\listings.sty
\lst@mode=\count402
\lst@gtempboxa=\box56
\lst@token=\toks28
\lst@length=\count403
\lst@currlwidth=\dimen179
\lst@column=\count404
\lst@pos=\count405
\lst@lostspace=\dimen180
\lst@width=\dimen181
\lst@newlines=\count406
\lst@lineno=\count407
\lst@maxwidth=\dimen182
 (C:\Users\zhaoy\AppData\Local\Programs\MiKTeX\tex/latex/listings\lstmisc.sty
File: lstmisc.sty 2020/03/24 1.8d (Carsten Heinz)
\c@lstnumber=\count408
\lst@skipnumbers=\count409
\lst@framebox=\box57
) (C:\Users\zhaoy\AppData\Local\Programs\MiKTeX\tex/latex/listings\listings.cfg
File: listings.cfg 2020/03/24 1.8d listings configuration
))
Package: listings 2020/03/24 1.8d (Carsten Heinz)
\c@theorem=\count410
\@quotelevel=\count411
\@quotereset=\count412
LaTeX Font Info:    Trying to load font information for OT1+ptm on input line 21.
 (C:\Users\zhaoy\AppData\Local\Programs\MiKTeX\tex/latex/psnfss\ot1ptm.fd
File: ot1ptm.fd 2001/06/04 font definitions for OT1/ptm.
) (C:\Users\zhaoy\AppData\Local\Programs\MiKTeX\tex/latex/l3backend\l3backend-pdftex.def
File: l3backend-pdftex.def 2021-05-07 L3 backend support: PDF output (pdfTeX)
\l__color_backend_stack_int=\count413
\l__pdf_internal_box=\box58
) (main.aux)
\openout1 = `main.aux'.

LaTeX Font Info:    Checking defaults for OML/cmm/m/it on input line 21.
LaTeX Font Info:    ... okay on input line 21.
LaTeX Font Info:    Checking defaults for OMS/cmsy/m/n on input line 21.
LaTeX Font Info:    ... okay on input line 21.
LaTeX Font Info:    Checking defaults for OT1/cmr/m/n on input line 21.
LaTeX Font Info:    ... okay on input line 21.
LaTeX Font Info:    Checking defaults for T1/cmr/m/n on input line 21.
LaTeX Font Info:    ... okay on input line 21.
LaTeX Font Info:    Checking defaults for TS1/cmr/m/n on input line 21.
LaTeX Font Info:    ... okay on input line 21.
LaTeX Font Info:    Checking defaults for OMX/cmex/m/n on input line 21.
LaTeX Font Info:    ... okay on input line 21.
LaTeX Font Info:    Checking defaults for U/cmr/m/n on input line 21.
LaTeX Font Info:    ... okay on input line 21.

*geometry* driver: auto-detecting
*geometry* detected driver: pdftex
*geometry* verbose mode - [ preamble ] result:
* driver: pdftex
* paper: <default>
* layout: <same size as paper>
* layoutoffset:(h,v)=(0.0pt,0.0pt)
* modes: includefoot 
* h-part:(L,W,R)=(99.58464pt, 415.12572pt, 99.58464pt)
* v-part:(T,H,B)=(99.58464pt, 652.70622pt, 42.67912pt)
* \paperwidth=614.295pt
* \paperheight=794.96999pt
* \textwidth=415.12572pt
* \textheight=622.70622pt
* \oddsidemargin=27.31465pt
* \evensidemargin=27.31465pt
* \topmargin=-9.68535pt
* \headheight=12.0pt
* \headsep=25.0pt
* \topskip=12.0pt
* \footskip=30.0pt
* \marginparwidth=44.0pt
* \marginparsep=10.0pt
* \columnsep=10.0pt
* \skip\footins=10.8pt plus 4.0pt minus 2.0pt
* \hoffset=0.0pt
* \voffset=0.0pt
* \mag=1000
* \@twocolumnfalse
* \@twosidefalse
* \@mparswitchfalse
* \@reversemarginfalse
* (1in=72.27pt=25.4mm, 1cm=28.453pt)

Package biblatex Info: Trying to load language 'english'...
Package biblatex Info: ... file 'english.lbx' found.
(C:\Users\zhaoy\AppData\Local\Programs\MiKTeX\tex/latex/biblatex/lbx\english.lbx
File: english.lbx 2020/12/31 v3.16 biblatex localization (PK/MW)
)
Package biblatex Info: Input encoding 'utf8' detected.
Package biblatex Info: Automatic encoding selection.
(biblatex)             Assuming data encoding 'utf8'.
Package biblatex Info: Document encoding is UTF8 ....
 (C:\Users\zhaoy\AppData\Local\Programs\MiKTeX\tex/latex/l3kernel\expl3.sty
Package: expl3 2021-06-01 L3 programming layer (loader) 
)
Package biblatex Info: ... and expl3
(biblatex)             2021-06-01 L3 programming layer (loader) 
(biblatex)             is new enough (at least 2020/04/06),
(biblatex)             setting 'casechanger=expl3'.
 (C:\Users\zhaoy\AppData\Local\Programs\MiKTeX\tex/latex/biblatex\blx-case-expl3.sty (C:\Users\zhaoy\AppData\Local\Programs\MiKTeX\tex/latex/l3packages/xparse\xparse.sty
Package: xparse 2021-06-01 L3 Experimental document command parser
)
Package: blx-case-expl3 2020/12/31 v3.16 expl3 case changing code for biblatex
)
\openout3 = `main.bcf'.

Package biblatex Info: Trying to load bibliographic data...
Package biblatex Info: ... file 'main.bbl' not found.

No file main.bbl.
Package biblatex Info: Reference section=0 on input line 21.
Package biblatex Info: Reference segment=0 on input line 21.
(C:\Users\zhaoy\AppData\Local\Programs\MiKTeX\tex/context/base/mkii\supp-pdf.mkii
[Loading MPS to PDF converter (version 2006.09.02).]
\scratchcounter=\count414
\scratchdimen=\dimen183
\scratchbox=\box59
\nofMPsegments=\count415
\nofMParguments=\count416
\everyMPshowfont=\toks29
\MPscratchCnt=\count417
\MPscratchDim=\dimen184
\MPnumerator=\count418
\makeMPintoPDFobject=\count419
\everyMPtoPDFconversion=\toks30
) (C:\Users\zhaoy\AppData\Local\Programs\MiKTeX\tex/latex/epstopdf-pkg\epstopdf-base.sty
Package: epstopdf-base 2020-01-24 v2.11 Base part for package epstopdf
Package epstopdf-base Info: Redefining graphics rule for `.eps' on input line 485.
 (C:\Users\zhaoy\AppData\Local\Programs\MiKTeX\tex/latex/00miktex\epstopdf-sys.cfg
File: epstopdf-sys.cfg 2021/03/18 v2.0 Configuration of epstopdf for MiKTeX
))
Package caption Info: Begin \AtBeginDocument code.
Package caption Info: listings package is loaded.
Package caption Info: End \AtBeginDocument code.
\c@lstlisting=\count420
 [1

{C:/Users/zhaoy/AppData/Local/MiKTeX/pdftex/config/pdftex.map}]
No file main.toc.
\tf@toc=\write4
\openout4 = `main.toc'.

[1]
LaTeX Font Info:    Trying to load font information for OT1+ on input line 49.
LaTeX Font Info:    No file OT1.fd. on input line 49.


LaTeX Font Warning: Font shape `OT1//m/n' undefined
(Font)              using `OT1/cmr/m/n' instead on input line 49.


LaTeX Font Warning: Font shape `OT1//b/n' undefined
(Font)              using `OT1//m/n' instead on input line 49.


LaTeX Warning: Citation 'litreview' on page 2 undefined on input line 50.

LaTeX Font Info:    Trying to load font information for TS1+ on input line 52.
LaTeX Font Info:    No file TS1.fd. on input line 52.

LaTeX Font Warning: Font shape `TS1//m/n' undefined
(Font)              using `TS1/cmr/m/n' instead
(Font)              for symbol `textbullet' on input line 52.


LaTeX Warning: Citation 'renyi1959random' on page 2 undefined on input line 59.


LaTeX Warning: Citation 'litreview' on page 2 undefined on input line 68.


LaTeX Warning: Citation 'barab√°si2016network' on page 2 undefined on input line 68.

Missing character: There is no √ in font cmr12!
Missing character: There is no ° in font cmr12!
[2]

LaTeX Warning: Citation 'network_rewiring' on page 3 undefined on input line 72.


Underfull \hbox (badness 10000) in paragraph at lines 72--73

 []

Package epstopdf Info: Source file: <./figures//small_world_network_model.eps>
(epstopdf)                    date: 2021-09-22 12:36:23
(epstopdf)                    size: 39923 bytes
(epstopdf)             Output file: <./figures//small_world_network_model-eps-converted-to.pdf>
(epstopdf)                    date: 2021-09-22 13:50:37
(epstopdf)                    size: 20704 bytes
(epstopdf)             Command: <miktex-epstopdf --outfile=./figures//small_world_network_model-eps-converted-to.pdf ./figures//small_world_network_model.eps>
(epstopdf)             \includegraphics on input line 84.
Package epstopdf Info: Output file is already uptodate.


pdfTeX warning: pdflatex (file ./figures//small_world_network_model-eps-converted-to.pdf): PDF inclusion: found PDF version <1.7>, but at most version <1.5> allowed
<./figures//small_world_network_model-eps-converted-to.pdf, id=18, 1084.05pt x 722.7pt>
File: ./figures//small_world_network_model-eps-converted-to.pdf Graphic file (type pdf)
<use ./figures//small_world_network_model-eps-converted-to.pdf>
Package pdftex.def Info: ./figures//small_world_network_model-eps-converted-to.pdf  used on input line 84.
(pdftex.def)             Requested size: 332.10184pt x 221.39911pt.

LaTeX Warning: `h' float specifier changed to `ht'.


LaTeX Warning: Citation 'milgram1967small' on page 3 undefined on input line 89.


LaTeX Warning: Citation 'wsmodel' on page 3 undefined on input line 91.


LaTeX Warning: Citation 'nwmodel' on page 3 undefined on input line 91.


LaTeX Warning: Citation 'barab√°si2016network' on page 3 undefined on input line 91.

Missing character: There is no √ in font cmr12!
Missing character: There is no ° in font cmr12!

Overfull \hbox (30.32234pt too wide) in paragraph at lines 89--92
\OT1/ptm/m/n/12 About 50 years ago, a fa-mous study was car-ried out by Stan-d-ley Milgram[[]]
 []


Underfull \hbox (badness 10000) in paragraph at lines 89--92

 []

[3]

LaTeX Warning: Citation 'broido_clauset_2019' on page 4 undefined on input line 95.


LaTeX Warning: Citation 'albert1999diameter' on page 4 undefined on input line 95.


Underfull \hbox (badness 10000) in paragraph at lines 95--96

 []

Package epstopdf Info: Source file: <./figures//degree_distribution.eps>
(epstopdf)                    date: 2021-09-22 12:36:36
(epstopdf)                    size: 47318 bytes
(epstopdf)             Output file: <./figures//degree_distribution-eps-converted-to.pdf>
(epstopdf)                    date: 2021-09-22 13:50:45
(epstopdf)                    size: 36152 bytes
(epstopdf)             Command: <miktex-epstopdf --outfile=./figures//degree_distribution-eps-converted-to.pdf ./figures//degree_distribution.eps>
(epstopdf)             \includegraphics on input line 99.
Package epstopdf Info: Output file is already uptodate.


pdfTeX warning: pdflatex (file ./figures//degree_distribution-eps-converted-to.pdf): PDF inclusion: found PDF version <1.7>, but at most version <1.5> allowed
<./figures//degree_distribution-eps-converted-to.pdf, id=25, 1084.05pt x 433.62pt>
File: ./figures//degree_distribution-eps-converted-to.pdf Graphic file (type pdf)
<use ./figures//degree_distribution-eps-converted-to.pdf>
Package pdftex.def Info: ./figures//degree_distribution-eps-converted-to.pdf  used on input line 99.
(pdftex.def)             Requested size: 415.12572pt x 166.04767pt.

LaTeX Warning: Citation 'barab√°si2016network' on page 4 undefined on input line 105.

Missing character: There is no √ in font cmr12!
Missing character: There is no ° in font cmr12!

LaTeX Warning: Citation 'barab√°si2016network' on page 4 undefined on input line 105.

Missing character: There is no √ in font cmr12!
Missing character: There is no ° in font cmr12!

LaTeX Warning: Citation 'pa_test' on page 4 undefined on input line 106.


LaTeX Warning: Reference `fig:degree_dist' on page 4 undefined on input line 106.


Overfull \hbox (2.295pt too wide) in paragraph at lines 104--107
\OT1/ptm/m/n/12 Suggested by Barab[]asi[[]], the de-gree dis-tri-bu-tion of a ran-dom graph
 []

[4 <./figures//small_world_network_model-eps-converted-to.pdf>]

LaTeX Warning: Reference `small_world' on page 5 undefined on input line 113.

[5 <./figures//degree_distribution-eps-converted-to.pdf>]

LaTeX Warning: Citation 'litreview' on page 6 undefined on input line 119.


LaTeX Warning: Citation 'KIM20082637' on page 6 undefined on input line 138.

[6]

LaTeX Warning: Reference `appendixa' on page 7 undefined on input line 168.


LaTeX Warning: Reference `eq:mutual_info' on page 7 undefined on input line 169.


Overfull \hbox (1.33421pt too wide) in paragraph at lines 166--170
$\OML/cmm/m/it/12 R[]; R[]; I[]$ \OT1/ptm/m/n/12 and $\OML/cmm/m/it/12 I[]$ \OT1/ptm/m/n/12 rep-re-sent the low-est re-dun-dacy, high-est re-dun-dancy, high-
 []


Underfull \hbox (badness 10000) in paragraph at lines 166--170

 []


LaTeX Warning: Reference `eq:rewrite_complexity_1' on page 7 undefined on input line 178.


LaTeX Warning: Reference `eq:rmax' on page 7 undefined on input line 189.


LaTeX Warning: Reference `eq:rewrite_complexity' on page 7 undefined on input line 189.


Underfull \hbox (badness 10000) in paragraph at lines 186--190

 []


Overfull \hbox (22.08936pt too wide) detected at line 196
[][]
 []

[7]

LaTeX Warning: Reference `c_max' on page 8 undefined on input line 202.


Underfull \hbox (badness 10000) in paragraph at lines 200--203

 []

Package epstopdf Info: Source file: <./figures//mariandmag.eps>
(epstopdf)                    date: 2021-09-22 12:36:53
(epstopdf)                    size: 51733 bytes
(epstopdf)             Output file: <./figures//mariandmag-eps-converted-to.pdf>
(epstopdf)                    date: 2021-09-22 13:50:56
(epstopdf)                    size: 141205 bytes
(epstopdf)             Command: <miktex-epstopdf --outfile=./figures//mariandmag-eps-converted-to.pdf ./figures//mariandmag.eps>
(epstopdf)             \includegraphics on input line 208.
Package epstopdf Info: Output file is already uptodate.


pdfTeX warning: pdflatex (file ./figures//mariandmag-eps-converted-to.pdf): PDF inclusion: found PDF version <1.7>, but at most version <1.5> allowed
<./figures//mariandmag-eps-converted-to.pdf, id=109, 433.62pt x 289.08pt>
File: ./figures//mariandmag-eps-converted-to.pdf Graphic file (type pdf)
<use ./figures//mariandmag-eps-converted-to.pdf>
Package pdftex.def Info: ./figures//mariandmag-eps-converted-to.pdf  used on input line 208.
(pdftex.def)             Requested size: 290.58673pt x 193.73552pt.

Underfull \hbox (badness 10000) in paragraph at lines 205--214

 []


LaTeX Warning: Reference `fig:marimagcompare' on page 8 undefined on input line 215.


LaTeX Warning: Citation 'KIM20082637' on page 8 undefined on input line 220.


LaTeX Warning: Citation 'KIM20082637' on page 8 undefined on input line 220.


Overfull \hbox (36.226pt too wide) in paragraph at lines 219--221
\OT1/ptm/m/n/12 bound of the com-plex-ity $\OML/cmm/m/it/12 m[] \OT1//b/n/12 = \OML/cmm/m/it/12 n[] \OMS/cmsy/m/n/12   \OT1//b/n/12 10$ \OT1/ptm/m/n/12 was in-tro-duced by Kim and Wilhelm[[]]
 []

[8 <./figures//mariandmag-eps-converted-to.pdf>]
Package epstopdf Info: Source file: <./figures//subgraph_measures.eps>
(epstopdf)                    date: 2021-09-22 11:25:29
(epstopdf)                    size: 31456 bytes
(epstopdf)             Output file: <./figures//subgraph_measures-eps-converted-to.pdf>
(epstopdf)                    date: 2021-09-22 13:51:04
(epstopdf)                    size: 36268 bytes
(epstopdf)             Command: <miktex-epstopdf --outfile=./figures//subgraph_measures-eps-converted-to.pdf ./figures//subgraph_measures.eps>
(epstopdf)             \includegraphics on input line 223.
Package epstopdf Info: Output file is already uptodate.


pdfTeX warning: pdflatex (file ./figures//subgraph_measures-eps-converted-to.pdf): PDF inclusion: found PDF version <1.7>, but at most version <1.5> allowed
<./figures//subgraph_measures-eps-converted-to.pdf, id=143, 1084.05pt x 361.35pt>
File: ./figures//subgraph_measures-eps-converted-to.pdf Graphic file (type pdf)
<use ./figures//subgraph_measures-eps-converted-to.pdf>
Package pdftex.def Info: ./figures//subgraph_measures-eps-converted-to.pdf  used on input line 223.
(pdftex.def)             Requested size: 415.12572pt x 138.37306pt.

LaTeX Warning: Reference `fig:subgraph_measure' on page 9 undefined on input line 228.


LaTeX Warning: Citation 'floating_point' on page 9 undefined on input line 229.


Overfull \hbox (26.77457pt too wide) in paragraph at lines 227--231
\OT1/ptm/m/n/12 The core of dif-fer-ent sub-graph mea-sure is to com-pare the cofactor($\OML/cmm/m/it/12 C[]$\OT1/ptm/m/n/12 ) or spectrum($\OML/cmm/m/it/12 C[]$
 []

[9 <./figures//subgraph_measures-eps-converted-to.pdf>]
Package epstopdf Info: Source file: <./figures//c2espec.eps>
(epstopdf)                    date: 2021-09-22 12:14:50
(epstopdf)                    size: 68376 bytes
(epstopdf)             Output file: <./figures//c2espec-eps-converted-to.pdf>
(epstopdf)                    date: 2021-09-22 13:51:08
(epstopdf)                    size: 106626 bytes
(epstopdf)             Command: <miktex-epstopdf --outfile=./figures//c2espec-eps-converted-to.pdf ./figures//c2espec.eps>
(epstopdf)             \includegraphics on input line 239.
Package epstopdf Info: Output file is already uptodate.


pdfTeX warning: pdflatex (file ./figures//c2espec-eps-converted-to.pdf): PDF inclusion: found PDF version <1.7>, but at most version <1.5> allowed
<./figures//c2espec-eps-converted-to.pdf, id=169, 1084.05pt x 361.35pt>
File: ./figures//c2espec-eps-converted-to.pdf Graphic file (type pdf)
<use ./figures//c2espec-eps-converted-to.pdf>
Package pdftex.def Info: ./figures//c2espec-eps-converted-to.pdf  used on input line 239.
(pdftex.def)             Requested size: 415.12572pt x 138.37306pt.

LaTeX Warning: Reference `fig:small_graphs' on page 10 undefined on input line 249.


LaTeX Warning: Citation 'KIM20082637' on page 10 undefined on input line 249.


LaTeX Warning: Reference `problem' on page 10 undefined on input line 249.

[10 <./figures//c2espec-eps-converted-to.pdf>] [11]
Package epstopdf Info: Source file: <./figures//complexities.eps>
(epstopdf)                    date: 2021-09-22 11:10:25
(epstopdf)                    size: 158396 bytes
(epstopdf)             Output file: <./figures//complexities-eps-converted-to.pdf>
(epstopdf)                    date: 2021-09-22 11:15:09
(epstopdf)                    size: 202907 bytes
(epstopdf)             Command: <miktex-epstopdf --outfile=./figures//complexities-eps-converted-to.pdf ./figures//complexities.eps>
(epstopdf)             \includegraphics on input line 253.
Package epstopdf Info: Output file is already uptodate.


pdfTeX warning: pdflatex (file ./figures//complexities-eps-converted-to.pdf): PDF inclusion: found PDF version <1.7>, but at most version <1.5> allowed
<./figures//complexities-eps-converted-to.pdf, id=203, 722.7pt x 1156.32pt>
File: ./figures//complexities-eps-converted-to.pdf Graphic file (type pdf)
<use ./figures//complexities-eps-converted-to.pdf>
Package pdftex.def Info: ./figures//complexities-eps-converted-to.pdf  used on input line 253.
(pdftex.def)             Requested size: 352.85939pt x 564.57271pt.
Package epstopdf Info: Source file: <./figures//complexities_sp.eps>
(epstopdf)                    date: 2021-09-22 15:55:10
(epstopdf)                    size: 181008 bytes
(epstopdf)             Output file: <./figures//complexities_sp-eps-converted-to.pdf>
(epstopdf)                    date: 2021-09-22 15:56:11
(epstopdf)                    size: 536200 bytes
(epstopdf)             Command: <miktex-epstopdf --outfile=./figures//complexities_sp-eps-converted-to.pdf ./figures//complexities_sp.eps>
(epstopdf)             \includegraphics on input line 265.
Package epstopdf Info: Output file is already uptodate.


pdfTeX warning: pdflatex (file ./figures//complexities_sp-eps-converted-to.pdf): PDF inclusion: found PDF version <1.7>, but at most version <1.5> allowed
<./figures//complexities_sp-eps-converted-to.pdf, id=204, 722.7pt x 1156.32pt>
File: ./figures//complexities_sp-eps-converted-to.pdf Graphic file (type pdf)
<use ./figures//complexities_sp-eps-converted-to.pdf>
Package pdftex.def Info: ./figures//complexities_sp-eps-converted-to.pdf  used on input line 265.
(pdftex.def)             Requested size: 352.85939pt x 564.57271pt.

LaTeX Warning: Reference `generate_graphs' on page 12 undefined on input line 267.


LaTeX Warning: Reference `generate_graphs' on page 12 undefined on input line 267.


Underfull \hbox (badness 10000) in paragraph at lines 270--271

 []


LaTeX Warning: Citation 'odc' on page 12 undefined on input line 273.


Underfull \hbox (badness 10000) in paragraph at lines 273--274

 []


LaTeX Warning: Reference `problem' on page 12 undefined on input line 281.


Overfull \hbox (5.03357pt too wide) in paragraph at lines 280--285
\OML/cmm/m/it/12 MA[]$ \OT1/ptm/m/n/12 and $\OML/cmm/m/it/12 MA[]$ \OT1/ptm/m/n/12 per-form sim-i-larly by as-sign-ing BA graphs lower value to-wards medium
 []


Underfull \hbox (badness 10000) in paragraph at lines 280--285

 []

[12

] [13

 <./figures//complexities-eps-converted-to.pdf>] [14 <./figures//complexities_sp-eps-converted-to.pdf>]

LaTeX Warning: Reference `small_world' on page 15 undefined on input line 288.


LaTeX Warning: Citation 'newmanbook' on page 15 undefined on input line 288.

Package epstopdf Info: Source file: <./figures//configuration_model.eps>
(epstopdf)                    date: 2021-09-20 21:00:20
(epstopdf)                    size: 7125 bytes
(epstopdf)             Output file: <./figures//configuration_model-eps-converted-to.pdf>
(epstopdf)                    date: 2021-09-22 11:15:21
(epstopdf)                    size: 8182 bytes
(epstopdf)             Command: <miktex-epstopdf --outfile=./figures//configuration_model-eps-converted-to.pdf ./figures//configuration_model.eps>
(epstopdf)             \includegraphics on input line 291.
Package epstopdf Info: Output file is already uptodate.


pdfTeX warning: pdflatex (file ./figures//configuration_model-eps-converted-to.pdf): PDF inclusion: found PDF version <1.7>, but at most version <1.5> allowed
<./figures//configuration_model-eps-converted-to.pdf, id=285, 485.815pt x 485.815pt>
File: ./figures//configuration_model-eps-converted-to.pdf Graphic file (type pdf)
<use ./figures//configuration_model-eps-converted-to.pdf>
Package pdftex.def Info: ./figures//configuration_model-eps-converted-to.pdf  used on input line 291.
(pdftex.def)             Requested size: 249.07796pt x 249.07446pt.
Package epstopdf Info: Source file: <./figures//complexity_correlation.eps>
(epstopdf)                    date: 2021-09-23 16:21:24
(epstopdf)                    size: 388499 bytes
(epstopdf)             Output file: <./figures//complexity_correlation-eps-converted-to.pdf>
(epstopdf)                    date: 2021-09-23 16:22:09
(epstopdf)                    size: 397632 bytes
(epstopdf)             Command: <miktex-epstopdf --outfile=./figures//complexity_correlation-eps-converted-to.pdf ./figures//complexity_correlation.eps>
(epstopdf)             \includegraphics on input line 303.
Package epstopdf Info: Output file is already uptodate.


pdfTeX warning: pdflatex (file ./figures//complexity_correlation-eps-converted-to.pdf): PDF inclusion: found PDF version <1.7>, but at most version <1.5> allowed
<./figures//complexity_correlation-eps-converted-to.pdf, id=286, 1589.94pt x 505.89pt>
File: ./figures//complexity_correlation-eps-converted-to.pdf Graphic file (type pdf)
<use ./figures//complexity_correlation-eps-converted-to.pdf>
Package pdftex.def Info: ./figures//complexity_correlation-eps-converted-to.pdf  used on input line 303.
(pdftex.def)             Requested size: 415.12572pt x 132.08408pt.

LaTeX Warning: Reference `generate_graphs' on page 15 undefined on input line 304.


LaTeX Warning: Reference `generate_graphs' on page 15 undefined on input line 304.

[15 <./figures//configuration_model-eps-converted-to.pdf>]

LaTeX Warning: Reference `fig:correlation' on page 16 undefined on input line 309.


LaTeX Warning: Reference `complexity' on page 16 undefined on input line 309.


LaTeX Warning: Reference `configuration_model' on page 16 undefined on input line 311.

[16 <./figures//complexity_correlation-eps-converted-to.pdf>]
Package epstopdf Info: Source file: <./figures//complement.eps>
(epstopdf)                    date: 2021-09-22 11:11:59
(epstopdf)                    size: 374971 bytes
(epstopdf)             Output file: <./figures//complement-eps-converted-to.pdf>
(epstopdf)                    date: 2021-09-22 11:15:42
(epstopdf)                    size: 337182 bytes
(epstopdf)             Command: <miktex-epstopdf --outfile=./figures//complement-eps-converted-to.pdf ./figures//complement.eps>
(epstopdf)             \includegraphics on input line 320.
Package epstopdf Info: Output file is already uptodate.


pdfTeX warning: pdflatex (file ./figures//complement-eps-converted-to.pdf): PDF inclusion: found PDF version <1.7>, but at most version <1.5> allowed
<./figures//complement-eps-converted-to.pdf, id=348, 1300.86pt x 361.35pt>
File: ./figures//complement-eps-converted-to.pdf Graphic file (type pdf)
<use ./figures//complement-eps-converted-to.pdf>
Package pdftex.def Info: ./figures//complement-eps-converted-to.pdf  used on input line 320.
(pdftex.def)             Requested size: 415.12572pt x 115.30905pt.

Underfull \hbox (badness 10000) in paragraph at lines 316--325

 []

[17 <./figures//complement-eps-converted-to.pdf>]

LaTeX Warning: Citation 'dolphins' on page 18 undefined on input line 380.


LaTeX Warning: Citation 'pdzbase' on page 18 undefined on input line 380.


LaTeX Warning: Citation 'hamster' on page 18 undefined on input line 380.


LaTeX Warning: Citation 'roget' on page 18 undefined on input line 380.


LaTeX Warning: Citation 'flight' on page 18 undefined on input line 380.


LaTeX Warning: Citation 'GBPT' on page 18 undefined on input line 380.


LaTeX Warning: Citation 'GBPT' on page 18 undefined on input line 380.


LaTeX Warning: Citation 'bus_collection' on page 18 undefined on input line 380.


LaTeX Warning: Citation 'bus_collection' on page 18 undefined on input line 380.


LaTeX Warning: Citation 'bus_collection' on page 18 undefined on input line 380.


LaTeX Warning: Citation 'bus_collection' on page 18 undefined on input line 380.


LaTeX Warning: Citation 'beijing' on page 18 undefined on input line 380.

Package epstopdf Info: Source file: <./figures//real_networks.eps>
(epstopdf)                    date: 2021-09-22 11:09:46
(epstopdf)                    size: 33373 bytes
(epstopdf)             Output file: <./figures//real_networks-eps-converted-to.pdf>
(epstopdf)                    date: 2021-09-22 11:15:52
(epstopdf)                    size: 18484 bytes
(epstopdf)             Command: <miktex-epstopdf --outfile=./figures//real_networks-eps-converted-to.pdf ./figures//real_networks.eps>
(epstopdf)             \includegraphics on input line 387.
Package epstopdf Info: Output file is already uptodate.


pdfTeX warning: pdflatex (file ./figures//real_networks-eps-converted-to.pdf): PDF inclusion: found PDF version <1.7>, but at most version <1.5> allowed
<./figures//real_networks-eps-converted-to.pdf, id=400, 1156.32pt x 578.16pt>
File: ./figures//real_networks-eps-converted-to.pdf Graphic file (type pdf)
<use ./figures//real_networks-eps-converted-to.pdf>
Package pdftex.def Info: ./figures//real_networks-eps-converted-to.pdf  used on input line 387.
(pdftex.def)             Requested size: 415.12572pt x 207.55519pt.

LaTeX Warning: Reference `tb:descriptions' on page 18 undefined on input line 388.


LaTeX Warning: Reference `tb:descriptions' on page 18 undefined on input line 388.


LaTeX Warning: Reference `fig:real_networks' on page 18 undefined on input line 391.

[18]

LaTeX Warning: Reference `rewiring' on page 19 undefined on input line 395.

Package epstopdf Info: Source file: <./figures//rewiring.eps>
(epstopdf)                    date: 2021-09-22 11:03:27
(epstopdf)                    size: 168206 bytes
(epstopdf)             Output file: <./figures//rewiring-eps-converted-to.pdf>
(epstopdf)                    date: 2021-09-22 11:15:58
(epstopdf)                    size: 32805 bytes
(epstopdf)             Command: <miktex-epstopdf --outfile=./figures//rewiring-eps-converted-to.pdf ./figures//rewiring.eps>
(epstopdf)             \includegraphics on input line 403.
Package epstopdf Info: Output file is already uptodate.


pdfTeX warning: pdflatex (file ./figures//rewiring-eps-converted-to.pdf): PDF inclusion: found PDF version <1.7>, but at most version <1.5> allowed
<./figures//rewiring-eps-converted-to.pdf, id=405, 1445.4pt x 1445.4pt>
File: ./figures//rewiring-eps-converted-to.pdf Graphic file (type pdf)
<use ./figures//rewiring-eps-converted-to.pdf>
Package pdftex.def Info: ./figures//rewiring-eps-converted-to.pdf  used on input line 403.
(pdftex.def)             Requested size: 415.12572pt x 415.1192pt.

LaTeX Warning: Reference `fig:rewiring' on page 19 undefined on input line 408.


LaTeX Warning: Reference `rewiring' on page 19 undefined on input line 408.


LaTeX Warning: Reference `tb:descriptions' on page 19 undefined on input line 409.


LaTeX Warning: Citation 'odc' on page 19 undefined on input line 409.


Overfull \hbox (5.5156pt too wide) in paragraph at lines 407--411
\OT1/ptm/m/n/12 From fig-ure [], we can con-cludes that most real net-works be-haves sim-i-lar us-ing rewiring.
 []

[19 <./figures//real_networks-eps-converted-to.pdf>] [20] [21 <./figures//rewiring-eps-converted-to.pdf>]

LaTeX Warning: Citation 'KIM20082637' on page 22 undefined on input line 415.


LaTeX Warning: Citation 'emmert-streib_dehmer_2012' on page 22 undefined on input line 419.


LaTeX Warning: Citation 'dehmer_barbarini_varmuza_graber_2009' on page 22 undefined on input line 419.


Overfull \hbox (112.96593pt too wide) in paragraph at lines 414--422
\OT1/ptm/m/n/12 There are more com-plex-ity measures[[]][[]]
 []


LaTeX Warning: Citation 'KIM20082637' on page 22 undefined on input line 424.


Overfull \hbox (14.69571pt too wide) in paragraph at lines 424--424
[]\OT1/cmr/m/n/14.4 Appendix A: Re-dun-dancy and mu-tual information[[]] 
 []

[22

] (C:\Users\zhaoy\AppData\Local\Programs\MiKTeX\tex/latex/listings\lstlang1.sty
File: lstlang1.sty 2020/03/24 1.8d listings language file
)
LaTeX Font Info:    Trying to load font information for TS1+ptm on input line 455.
 (C:\Users\zhaoy\AppData\Local\Programs\MiKTeX\tex/latex/psnfss\ts1ptm.fd
File: ts1ptm.fd 2001/06/04 font definitions for TS1/ptm.
) [23] [24] [25] [26] [27] [28]
LaTeX Font Info:    Trying to load font information for OMS+ptm on input line 654.
 (C:\Users\zhaoy\AppData\Local\Programs\MiKTeX\tex/latex/psnfss\omsptm.fd
File: omsptm.fd 
)
LaTeX Font Info:    Font shape `OMS/ptm/m/n' in size <12> not available
(Font)              Font shape `OMS/cmsy/m/n' tried instead on input line 654.
 [29] [30]

c:/Users/zhaoy/Documents/GitHub/dissertation/main.tex:751: Package xkeyval Error: `number' undefined in families `lst'.

See the xkeyval package documentation for explanation.
Type  H <return>  for immediate help.
 ...                                              
                                                  
l.751 ...ber=left,language=Python,breaklines=true]
                                                  
Try typing  <return>  to proceed.
If that doesn't work, type  X <return>  to quit.

[31]
LaTeX Font Info:    Trying to load font information for OML+ptm on input line 786.
 (C:\Users\zhaoy\AppData\Local\Programs\MiKTeX\tex/latex/psnfss\omlptm.fd
File: omlptm.fd 
)
LaTeX Font Info:    Font shape `OML/ptm/m/n' in size <12> not available
(Font)              Font shape `OML/cmm/m/it' tried instead on input line 786.
 [32] [33]
LaTeX Font Info:    Font shape `OMS/ptm/m/it' in size <12> not available
(Font)              Font shape `OMS/cmsy/m/n' tried instead on input line 861.
 [34] [35] [36] [37]

LaTeX Warning: Empty bibliography on input line 1006.

[38] (main.aux)

LaTeX Font Warning: Some font shapes were not available, defaults substituted.


LaTeX Warning: There were undefined references.


LaTeX Warning: Label(s) may have changed. Rerun to get cross-references right.


Package biblatex Warning: Please (re)run Biber on the file:
(biblatex)                main
(biblatex)                and rerun LaTeX afterwards.

Package logreq Info: Writing requests to 'main.run.xml'.
\openout1 = `main.run.xml'.

 ) 
Here is how much of TeX's memory you used:
 14718 strings out of 478864
 262059 string characters out of 2848660
 1189512 words of memory out of 3000000
 32458 multiletter control sequences out of 15000+600000
 419685 words of font info for 61 fonts, out of 8000000 for 9000
 1141 hyphenation exceptions out of 8191
 57i,11n,74p,1265b,1799s stack positions out of 5000i,500n,10000p,200000b,80000s
{C:/Users/zhaoy/AppData/Local/Programs/MiKTeX/fonts/enc/dvips/base/8r.enc} <C:\Users\zhaoy\AppData\Local\MiKTeX\fonts/pk/ljfour/jknappen/ec/dpi600\tcrm1200.pk><C:/Users/zhaoy/AppData/Local/Programs/MiKTeX/fonts/type1/public/amsfonts/cm/cmex10.pfb><C:/Users/zhaoy/AppData/Local/Programs/MiKTeX/fonts/type1/public/amsfonts/cm/cmmi10.pfb><C:/Users/zhaoy/AppData/Local/Programs/MiKTeX/fonts/type1/public/amsfonts/cm/cmmi12.pfb><C:/Users/zhaoy/AppData/Local/Programs/MiKTeX/fonts/type1/public/amsfonts/cm/cmmi6.pfb><C:/Users/zhaoy/AppData/Local/Programs/MiKTeX/fonts/type1/public/amsfonts/cm/cmmi8.pfb><C:/Users/zhaoy/AppData/Local/Programs/MiKTeX/fonts/type1/public/amsfonts/cm/cmr12.pfb><C:/Users/zhaoy/AppData/Local/Programs/MiKTeX/fonts/type1/public/amsfonts/cm/cmr17.pfb><C:/Users/zhaoy/AppData/Local/Programs/MiKTeX/fonts/type1/public/amsfonts/cm/cmr6.pfb><C:/Users/zhaoy/AppData/Local/Programs/MiKTeX/fonts/type1/public/amsfonts/cm/cmr8.pfb><C:/Users/zhaoy/AppData/Local/Programs/MiKTeX/fonts/type1/public/amsfonts/cm/cmsy10.pfb><C:/Users/zhaoy/AppData/Local/Programs/MiKTeX/fonts/type1/public/amsfonts/cm/cmsy8.pfb><C:/Users/zhaoy/AppData/Local/Programs/MiKTeX/fonts/type1/urw/times/utmb8a.pfb><C:/Users/zhaoy/AppData/Local/Programs/MiKTeX/fonts/type1/urw/times/utmr8a.pfb><C:/Users/zhaoy/AppData/Local/Programs/MiKTeX/fonts/type1/urw/times/utmri8a.pfb>
Output written on main.pdf (39 pages, 2136138 bytes).
PDF statistics:
 634 PDF objects out of 1000 (max. 8388607)
 0 named destinations out of 1000 (max. 500000)
 61 words of extra memory for PDF output out of 10000 (max. 10000000)

